ECHO 处于打开状态。
INFO [2018-06-06 06:46:33,319] basehttp.py 124 ""GET /?pre=true HTTP/1.1" 200 8233"
INFO [2018-06-06 06:46:33,555] basehttp.py 124 ""GET /menu/ HTTP/1.1" 200 206"
INFO [2018-06-06 06:47:22,733] basehttp.py 124 ""GET /?pre=true HTTP/1.1" 200 8236"
INFO [2018-06-06 06:47:22,951] basehttp.py 124 ""GET /menu/ HTTP/1.1" 200 206"
INFO [2018-06-06 06:47:25,706] basehttp.py 124 ""GET /?pre=true HTTP/1.1" 200 8236"
INFO [2018-06-06 06:47:25,938] basehttp.py 124 ""GET /menu/ HTTP/1.1" 200 206"
INFO [2018-06-06 06:47:36,088] basehttp.py 124 ""GET /?pre=true HTTP/1.1" 200 8237"
INFO [2018-06-06 06:47:36,622] basehttp.py 124 ""GET /menu/ HTTP/1.1" 200 206"
INFO [2018-06-06 06:51:04,815] basehttp.py 124 ""GET /?pre=true HTTP/1.1" 200 8263"
INFO [2018-06-06 06:51:05,042] basehttp.py 124 ""GET /menu/ HTTP/1.1" 200 206"
INFO [2018-06-06 06:51:55,467] basehttp.py 124 ""GET /?pre=true HTTP/1.1" 200 8263"
INFO [2018-06-06 06:51:55,710] basehttp.py 124 ""GET /menu/ HTTP/1.1" 200 206"
INFO [2018-06-06 06:53:26,233] basehttp.py 124 ""GET /?pre=true HTTP/1.1" 200 8262"
INFO [2018-06-06 06:53:26,474] basehttp.py 124 ""GET /menu/ HTTP/1.1" 200 206"
INFO [2018-06-06 06:53:28,638] basehttp.py 124 ""GET /?pre=true HTTP/1.1" 200 8262"
INFO [2018-06-06 06:53:28,854] basehttp.py 124 ""GET /menu/ HTTP/1.1" 200 206"
INFO [2018-06-06 06:53:30,035] basehttp.py 124 ""GET /?pre=true HTTP/1.1" 200 8262"
INFO [2018-06-06 06:53:30,569] basehttp.py 124 ""GET /menu/ HTTP/1.1" 200 206"
INFO [2018-06-06 06:53:30,884] basehttp.py 124 ""GET /?pre=true HTTP/1.1" 200 8262"
INFO [2018-06-06 06:53:31,444] basehttp.py 124 ""GET /?pre=true HTTP/1.1" 200 8262"
INFO [2018-06-06 06:53:31,474] basehttp.py 124 ""GET /menu/ HTTP/1.1" 200 206"
ERROR [2018-06-06 06:53:31,546] basehttp.py 124 ""GET /menu/ HTTP/1.1" 500 59"
INFO [2018-06-06 06:53:31,671] basehttp.py 124 ""GET /?pre=true HTTP/1.1" 200 8262"
INFO [2018-06-06 06:53:31,875] basehttp.py 124 ""GET /menu/ HTTP/1.1" 200 206"
INFO [2018-06-06 06:58:54,813] basehttp.py 124 ""GET /redis/list/ HTTP/1.1" 200 9210"
INFO [2018-06-06 06:58:55,328] basehttp.py 124 ""GET /menu/ HTTP/1.1" 200 206"
INFO [2018-06-06 06:58:55,451] basehttp.py 124 ""GET /static/lay/modules/table.js HTTP/1.1" 200 20833"
INFO [2018-06-06 06:58:55,460] basehttp.py 124 ""GET /static/lay/modules/laypage.js HTTP/1.1" 200 4477"
INFO [2018-06-06 06:58:55,776] basehttp.py 124 ""GET /static/lay/modules/layer.js HTTP/1.1" 200 22068"
INFO [2018-06-06 06:58:56,049] basehttp.py 124 ""GET /static/css/modules/layer/default/layer.css?v=3.1.1 HTTP/1.1" 200 14430"
INFO [2018-06-06 06:58:56,112] basehttp.py 124 ""GET /static/lay/modules/form.js HTTP/1.1" 200 8711"
INFO [2018-06-06 06:58:56,165] basehttp.py 124 ""GET /redis/list/?page=1&limit=10 HTTP/1.1" 200 227"
INFO [2018-06-06 06:58:56,528] basehttp.py 124 ""GET /static/font/iconfont.woff?v=230-rc1 HTTP/1.1" 200 21688"
INFO [2018-06-06 06:58:58,631] basehttp.py 124 ""GET /static/css/modules/layer/default/icon.png HTTP/1.1" 200 11493"
INFO [2018-06-06 06:58:58,967] basehttp.py 124 ""GET /static/css/modules/layer/default/loading-1.gif HTTP/1.1" 200 701"
INFO [2018-06-06 06:58:58,979] basehttp.py 124 ""GET /redis/list/add/ HTTP/1.1" 200 5201"
INFO [2018-06-06 06:59:14,262] basehttp.py 124 ""GET /static/css/modules/layer/default/loading-0.gif HTTP/1.1" 200 5793"
INFO [2018-06-06 06:59:14,450] basehttp.py 124 ""POST /redis/list/add/ HTTP/1.1" 200 46"
INFO [2018-06-06 06:59:18,548] basehttp.py 124 ""GET /redis/list/ HTTP/1.1" 200 9210"
INFO [2018-06-06 06:59:19,144] basehttp.py 124 ""GET /redis/list/?page=1&limit=10 HTTP/1.1" 200 320"
INFO [2018-06-06 06:59:19,158] basehttp.py 124 ""GET /menu/ HTTP/1.1" 200 206"
INFO [2018-06-06 06:59:21,072] basehttp.py 124 ""GET /user/manage/ HTTP/1.1" 200 10076"
INFO [2018-06-06 06:59:21,650] basehttp.py 124 ""GET /user/manage/?type=json&page=1&limit=10 HTTP/1.1" 200 409"
INFO [2018-06-06 06:59:21,664] basehttp.py 124 ""GET /menu/ HTTP/1.1" 200 206"
INFO [2018-06-06 06:59:24,025] basehttp.py 124 ""GET /change/user/?id=1 HTTP/1.1" 200 9298"
INFO [2018-06-06 06:59:24,578] basehttp.py 124 ""GET /menu/ HTTP/1.1" 200 206"
INFO [2018-06-06 06:59:32,401] basehttp.py 124 ""POST /change/user/?id=1 HTTP/1.1" 200 8024"
INFO [2018-06-06 06:59:32,979] basehttp.py 124 ""GET /menu/ HTTP/1.1" 200 259"
INFO [2018-06-06 07:03:30,977] basehttp.py 124 ""GET /ok/db0/ HTTP/1.1" 200 12858"
INFO [2018-06-06 07:03:31,243] basehttp.py 124 ""GET /menu/ HTTP/1.1" 200 259"
INFO [2018-06-06 07:03:31,565] basehttp.py 124 ""GET /get_key/ok/0/?page=1&limit=10 HTTP/1.1" 200 153"
INFO [2018-06-06 07:05:35,880] basehttp.py 124 ""GET /ok/db0/ HTTP/1.1" 200 12559"
INFO [2018-06-06 07:05:36,183] basehttp.py 124 ""GET /menu/ HTTP/1.1" 200 259"
INFO [2018-06-06 07:05:36,430] basehttp.py 124 ""GET /get_key/ok/0/?page=1&limit=10 HTTP/1.1" 200 153"
INFO [2018-06-06 07:05:37,617] basehttp.py 124 ""GET /ok/db0/ HTTP/1.1" 200 12559"
INFO [2018-06-06 07:05:38,150] basehttp.py 124 ""GET /get_key/ok/0/?page=1&limit=10 HTTP/1.1" 200 153"
INFO [2018-06-06 07:05:38,151] basehttp.py 124 ""GET /menu/ HTTP/1.1" 200 259"
INFO [2018-06-06 07:08:01,444] basehttp.py 124 ""GET /ok/db0/ HTTP/1.1" 200 11708"
INFO [2018-06-06 07:08:01,714] basehttp.py 124 ""GET /menu/ HTTP/1.1" 200 259"
INFO [2018-06-06 07:08:01,973] basehttp.py 124 ""GET /get_key/ok/0/?page=1&limit=10 HTTP/1.1" 200 153"
INFO [2018-06-06 07:08:19,805] basehttp.py 124 ""GET /ok/db0/ HTTP/1.1" 200 11765"
INFO [2018-06-06 07:08:20,081] basehttp.py 124 ""GET /menu/ HTTP/1.1" 200 259"
INFO [2018-06-06 07:08:20,407] basehttp.py 124 ""GET /get_key/ok/0/?page=1&limit=10 HTTP/1.1" 200 153"
INFO [2018-06-06 07:08:37,276] basehttp.py 124 ""GET /ok/db0/ HTTP/1.1" 200 11766"
INFO [2018-06-06 07:08:37,536] basehttp.py 124 ""GET /menu/ HTTP/1.1" 200 259"
INFO [2018-06-06 07:08:37,786] basehttp.py 124 ""GET /get_key/ok/0/?page=1&limit=10 HTTP/1.1" 200 153"
INFO [2018-06-06 07:08:48,247] basehttp.py 124 ""GET /ok/db0/ HTTP/1.1" 200 11758"
INFO [2018-06-06 07:08:48,496] basehttp.py 124 ""GET /menu/ HTTP/1.1" 200 259"
INFO [2018-06-06 07:08:48,757] basehttp.py 124 ""GET /get_key/ok/0/?page=1&limit=10 HTTP/1.1" 200 153"
INFO [2018-06-06 07:09:21,434] basehttp.py 124 ""GET /ok/db0/ HTTP/1.1" 200 11770"
INFO [2018-06-06 07:09:21,727] basehttp.py 124 ""GET /menu/ HTTP/1.1" 200 259"
INFO [2018-06-06 07:09:21,990] basehttp.py 124 ""GET /get_key/ok/0/?page=1&limit=10 HTTP/1.1" 200 153"
INFO [2018-06-06 07:09:41,644] basehttp.py 124 ""GET /ok/db0/ HTTP/1.1" 200 11777"
INFO [2018-06-06 07:09:41,930] basehttp.py 124 ""GET /menu/ HTTP/1.1" 200 259"
INFO [2018-06-06 07:09:42,266] basehttp.py 124 ""GET /get_key/ok/0/?page=1&limit=10 HTTP/1.1" 200 153"
INFO [2018-06-06 07:09:49,763] basehttp.py 124 ""GET /ok/db0/ HTTP/1.1" 200 11765"
INFO [2018-06-06 07:09:50,351] basehttp.py 124 ""GET /get_key/ok/0/?page=1&limit=10 HTTP/1.1" 200 153"
INFO [2018-06-06 07:09:50,362] basehttp.py 124 ""GET /menu/ HTTP/1.1" 200 259"
INFO [2018-06-06 07:13:30,805] basehttp.py 124 ""GET /ok/db0/ HTTP/1.1" 200 11706"
INFO [2018-06-06 07:13:31,052] basehttp.py 124 ""GET /get_key/ok/0/?page=1&limit=10 HTTP/1.1" 200 153"
INFO [2018-06-06 07:13:36,256] basehttp.py 124 ""GET /ok/db0/ HTTP/1.1" 200 11665"
INFO [2018-06-06 07:13:36,536] basehttp.py 124 ""GET /menu/ HTTP/1.1" 200 259"
INFO [2018-06-06 07:13:36,825] basehttp.py 124 ""GET /get_key/ok/0/?page=1&limit=10 HTTP/1.1" 200 153"
INFO [2018-06-06 07:14:18,157] basehttp.py 124 ""GET /ok/db0/ HTTP/1.1" 200 11665"
INFO [2018-06-06 07:14:18,440] basehttp.py 124 ""GET /menu/ HTTP/1.1" 200 259"
INFO [2018-06-06 07:14:18,700] basehttp.py 124 ""GET /get_key/ok/0/?page=1&limit=10 HTTP/1.1" 200 153"
INFO [2018-06-06 07:14:32,226] basehttp.py 124 ""GET /ok/db0/ HTTP/1.1" 200 11655"
INFO [2018-06-06 07:14:32,487] basehttp.py 124 ""GET /menu/ HTTP/1.1" 200 259"
INFO [2018-06-06 07:14:32,765] basehttp.py 124 ""GET /get_key/ok/0/?page=1&limit=10 HTTP/1.1" 200 153"
INFO [2018-06-06 07:14:42,385] basehttp.py 124 ""GET /ok/db0/ HTTP/1.1" 200 11645"
INFO [2018-06-06 07:14:42,960] basehttp.py 124 ""GET /menu/ HTTP/1.1" 200 259"
INFO [2018-06-06 07:14:43,030] basehttp.py 124 ""GET /get_key/ok/0/?page=1&limit=10 HTTP/1.1" 200 153"
INFO [2018-06-06 07:14:56,230] basehttp.py 124 ""GET /ok/db0/ HTTP/1.1" 200 11667"
INFO [2018-06-06 07:14:56,484] basehttp.py 124 ""GET /menu/ HTTP/1.1" 200 259"
INFO [2018-06-06 07:14:56,737] basehttp.py 124 ""GET /get_key/ok/0/?page=1&limit=10 HTTP/1.1" 200 153"
INFO [2018-06-06 07:15:07,815] basehttp.py 124 ""GET /ok/db0/ HTTP/1.1" 200 11676"
INFO [2018-06-06 07:15:08,098] basehttp.py 124 ""GET /menu/ HTTP/1.1" 200 259"
INFO [2018-06-06 07:15:08,348] basehttp.py 124 ""GET /get_key/ok/0/?page=1&limit=10 HTTP/1.1" 200 153"
INFO [2018-06-06 07:15:12,954] basehttp.py 124 ""GET / HTTP/1.1" 200 8300"
INFO [2018-06-06 07:15:13,474] basehttp.py 124 ""GET /menu/ HTTP/1.1" 200 259"
INFO [2018-06-06 07:15:16,973] basehttp.py 124 ""GET / HTTP/1.1" 200 8300"
INFO [2018-06-06 07:15:17,515] basehttp.py 124 ""GET /menu/ HTTP/1.1" 200 259"
INFO [2018-06-06 07:15:18,348] basehttp.py 124 ""GET / HTTP/1.1" 200 8300"
INFO [2018-06-06 07:15:18,871] basehttp.py 124 ""GET /menu/ HTTP/1.1" 200 259"
INFO [2018-06-06 07:16:26,668] basehttp.py 124 ""GET / HTTP/1.1" 200 8845"
INFO [2018-06-06 07:16:26,915] basehttp.py 124 ""GET /menu/ HTTP/1.1" 200 259"
INFO [2018-06-06 07:16:54,651] basehttp.py 124 ""GET / HTTP/1.1" 200 8974"
INFO [2018-06-06 07:16:56,903] basehttp.py 124 ""GET / HTTP/1.1" 200 8974"
INFO [2018-06-06 07:16:57,463] basehttp.py 124 ""GET /menu/ HTTP/1.1" 200 259"
INFO [2018-06-06 07:19:02,052] basehttp.py 124 ""GET / HTTP/1.1" 200 8987"
INFO [2018-06-06 07:19:02,311] basehttp.py 124 ""GET /menu/ HTTP/1.1" 200 259"
INFO [2018-06-06 07:19:23,684] basehttp.py 124 ""GET / HTTP/1.1" 200 9021"
INFO [2018-06-06 07:19:23,987] basehttp.py 124 ""GET /menu/ HTTP/1.1" 200 259"
INFO [2018-06-06 07:19:39,969] basehttp.py 124 ""GET / HTTP/1.1" 200 9021"
INFO [2018-06-06 07:19:40,236] basehttp.py 124 ""GET /menu/ HTTP/1.1" 200 259"
INFO [2018-06-06 07:19:58,461] basehttp.py 124 ""GET / HTTP/1.1" 200 9024"
INFO [2018-06-06 07:19:58,727] basehttp.py 124 ""GET /menu/ HTTP/1.1" 200 259"
INFO [2018-06-06 07:20:11,265] basehttp.py 124 ""GET / HTTP/1.1" 200 9034"
INFO [2018-06-06 07:20:11,512] basehttp.py 124 ""GET /menu/ HTTP/1.1" 200 259"
INFO [2018-06-06 07:20:42,994] basehttp.py 124 ""GET / HTTP/1.1" 200 9038"
INFO [2018-06-06 07:20:43,273] basehttp.py 124 ""GET /menu/ HTTP/1.1" 200 259"
INFO [2018-06-06 07:20:57,528] basehttp.py 124 ""GET / HTTP/1.1" 200 9072"
INFO [2018-06-06 07:20:57,770] basehttp.py 124 ""GET /menu/ HTTP/1.1" 200 259"
INFO [2018-06-06 07:21:23,605] basehttp.py 124 ""GET / HTTP/1.1" 200 9081"
INFO [2018-06-06 07:21:23,931] basehttp.py 124 ""GET /menu/ HTTP/1.1" 200 259"
INFO [2018-06-06 07:22:36,621] basehttp.py 124 ""GET / HTTP/1.1" 200 9038"
INFO [2018-06-06 07:22:36,880] basehttp.py 124 ""GET /menu/ HTTP/1.1" 200 259"
INFO [2018-06-06 07:23:14,068] basehttp.py 124 ""GET / HTTP/1.1" 200 9038"
INFO [2018-06-06 07:23:14,371] basehttp.py 124 ""GET /menu/ HTTP/1.1" 200 259"
INFO [2018-06-06 07:26:30,674] basehttp.py 124 ""GET / HTTP/1.1" 200 9003"
INFO [2018-06-06 07:26:30,976] basehttp.py 124 ""GET /menu/ HTTP/1.1" 200 259"
INFO [2018-06-06 07:27:00,891] basehttp.py 124 ""GET / HTTP/1.1" 200 9040"
INFO [2018-06-06 07:27:01,107] basehttp.py 124 ""GET /menu/ HTTP/1.1" 200 259"
INFO [2018-06-06 07:27:05,262] basehttp.py 124 ""GET /localredis/db0/ HTTP/1.1" 200 12496"
INFO [2018-06-06 07:27:05,503] basehttp.py 124 ""GET /menu/ HTTP/1.1" 200 259"
INFO [2018-06-06 07:27:05,798] basehttp.py 124 ""GET /get_key/localredis/0/?page=1&limit=10 HTTP/1.1" 200 153"
INFO [2018-06-06 07:27:13,503] basehttp.py 124 ""GET /ok/db1/ HTTP/1.1" 200 12416"
INFO [2018-06-06 07:27:14,013] basehttp.py 124 ""GET /get_key/ok/1/?page=1&limit=10 HTTP/1.1" 200 46"
INFO [2018-06-06 07:27:14,013] basehttp.py 124 ""GET /menu/ HTTP/1.1" 200 259"
INFO [2018-06-06 07:27:15,877] basehttp.py 124 ""GET /dev/db1/ HTTP/1.1" 200 12426"
INFO [2018-06-06 07:27:16,365] basehttp.py 124 ""GET /get_key/dev/1/?page=1&limit=10 HTTP/1.1" 200 46"
INFO [2018-06-06 07:27:16,407] basehttp.py 124 ""GET /menu/ HTTP/1.1" 200 259"
INFO [2018-06-06 07:27:21,696] basehttp.py 124 ""GET /localredis/db0/ HTTP/1.1" 200 12496"
INFO [2018-06-06 07:27:22,168] basehttp.py 124 ""GET /get_key/localredis/0/?page=1&limit=10 HTTP/1.1" 200 153"
INFO [2018-06-06 07:27:22,184] basehttp.py 124 ""GET /menu/ HTTP/1.1" 200 259"
INFO [2018-06-06 07:27:24,062] basehttp.py 124 ""GET /dev/db0/ HTTP/1.1" 200 12426"
INFO [2018-06-06 07:27:24,502] basehttp.py 124 ""GET /get_key/dev/0/?page=1&limit=10 HTTP/1.1" 200 153"
INFO [2018-06-06 07:27:24,522] basehttp.py 124 ""GET /menu/ HTTP/1.1" 200 259"
INFO [2018-06-06 07:27:25,381] basehttp.py 124 ""GET /dev/db1/ HTTP/1.1" 200 12426"
INFO [2018-06-06 07:27:25,834] basehttp.py 124 ""GET /get_key/dev/1/?page=1&limit=10 HTTP/1.1" 200 46"
INFO [2018-06-06 07:27:25,858] basehttp.py 124 ""GET /menu/ HTTP/1.1" 200 259"
INFO [2018-06-06 07:27:28,953] basehttp.py 124 ""GET /localredis/db0/ HTTP/1.1" 200 12496"
INFO [2018-06-06 07:27:29,375] basehttp.py 124 ""GET /get_key/localredis/0/?page=1&limit=10 HTTP/1.1" 200 153"
INFO [2018-06-06 07:27:29,378] basehttp.py 124 ""GET /menu/ HTTP/1.1" 200 259"
INFO [2018-06-06 07:27:39,000] basehttp.py 124 ""GET /ok/db0/ HTTP/1.1" 200 12416"
INFO [2018-06-06 07:27:39,552] basehttp.py 124 ""GET /get_key/ok/0/?page=1&limit=10 HTTP/1.1" 200 153"
INFO [2018-06-06 07:27:39,568] basehttp.py 124 ""GET /menu/ HTTP/1.1" 200 259"
INFO [2018-06-06 07:27:40,859] basehttp.py 124 ""GET /ok/db1/ HTTP/1.1" 200 12416"
INFO [2018-06-06 07:27:41,362] basehttp.py 124 ""GET /menu/ HTTP/1.1" 200 259"
INFO [2018-06-06 07:27:41,394] basehttp.py 124 ""GET /get_key/ok/1/?page=1&limit=10 HTTP/1.1" 200 46"
INFO [2018-06-06 07:28:22,921] basehttp.py 124 ""GET /localredis/db0/ HTTP/1.1" 200 12496"
INFO [2018-06-06 07:28:23,197] basehttp.py 124 ""GET /menu/ HTTP/1.1" 200 259"
INFO [2018-06-06 07:28:23,463] basehttp.py 124 ""GET /get_key/localredis/0/?page=1&limit=10 HTTP/1.1" 200 153"
INFO [2018-06-06 07:29:07,351] basehttp.py 124 ""GET /localredis/db0/ HTTP/1.1" 200 12701"
INFO [2018-06-06 07:29:07,631] basehttp.py 124 ""GET /menu/ HTTP/1.1" 200 259"
INFO [2018-06-06 07:29:07,966] basehttp.py 124 ""GET /get_key/localredis/0/?page=1&limit=10 HTTP/1.1" 200 153"
INFO [2018-06-06 07:29:26,367] basehttp.py 124 ""GET /localredis/db0/ HTTP/1.1" 200 12698"
INFO [2018-06-06 07:29:26,628] basehttp.py 124 ""GET /menu/ HTTP/1.1" 200 259"
INFO [2018-06-06 07:29:26,963] basehttp.py 124 ""GET /get_key/localredis/0/?page=1&limit=10 HTTP/1.1" 200 153"
INFO [2018-06-06 07:29:53,059] basehttp.py 124 ""GET /localredis/db0/ HTTP/1.1" 200 12695"
INFO [2018-06-06 07:29:53,329] basehttp.py 124 ""GET /menu/ HTTP/1.1" 200 259"
INFO [2018-06-06 07:29:53,594] basehttp.py 124 ""GET /get_key/localredis/0/?page=1&limit=10 HTTP/1.1" 200 153"
INFO [2018-06-06 07:30:00,573] basehttp.py 124 ""GET /localredis/db0/ HTTP/1.1" 200 12695"
INFO [2018-06-06 07:30:01,075] basehttp.py 124 ""GET /menu/ HTTP/1.1" 200 259"
INFO [2018-06-06 07:30:01,114] basehttp.py 124 ""GET /get_key/localredis/0/?page=1&limit=10 HTTP/1.1" 200 153"
INFO [2018-06-06 07:30:12,368] basehttp.py 124 ""GET /localredis/db0/ HTTP/1.1" 200 11992"
INFO [2018-06-06 07:30:12,631] basehttp.py 124 ""GET /menu/ HTTP/1.1" 200 259"
INFO [2018-06-06 07:30:12,888] basehttp.py 124 ""GET /get_key/localredis/0/?page=1&limit=10 HTTP/1.1" 200 153"
INFO [2018-06-06 07:31:09,585] basehttp.py 124 ""GET /localredis/db0/ HTTP/1.1" 200 11992"
INFO [2018-06-06 07:31:10,137] basehttp.py 124 ""GET /menu/ HTTP/1.1" 200 259"
INFO [2018-06-06 07:31:10,493] basehttp.py 124 ""GET /get_key/localredis/0/?page=1&limit=10 HTTP/1.1" 200 153"
INFO [2018-06-06 07:34:21,812] basehttp.py 124 ""GET /localredis/db0/ HTTP/1.1" 200 11993"
INFO [2018-06-06 07:34:22,496] basehttp.py 124 ""GET /menu/ HTTP/1.1" 200 259"
INFO [2018-06-06 07:34:22,881] basehttp.py 124 ""GET /get_key/localredis/0/?page=1&limit=10 HTTP/1.1" 200 153"
INFO [2018-06-06 07:34:59,032] basehttp.py 124 ""GET /localredis/db0/ HTTP/1.1" 200 12686"
INFO [2018-06-06 07:34:59,900] basehttp.py 124 ""GET /menu/ HTTP/1.1" 200 259"
INFO [2018-06-06 07:35:00,232] basehttp.py 124 ""GET /get_key/localredis/0/?page=1&limit=10 HTTP/1.1" 200 153"
INFO [2018-06-06 07:37:06,645] basehttp.py 124 ""GET /localredis/db0/ HTTP/1.1" 200 12729"
INFO [2018-06-06 07:37:07,358] basehttp.py 124 ""GET /menu/ HTTP/1.1" 200 259"
INFO [2018-06-06 07:37:07,724] basehttp.py 124 ""GET /get_key/localredis/0/?page=1&limit=10 HTTP/1.1" 200 153"
INFO [2018-06-06 07:38:01,446] basehttp.py 124 ""GET /localredis/db0/ HTTP/1.1" 200 11874"
INFO [2018-06-06 07:38:02,118] basehttp.py 124 ""GET /menu/ HTTP/1.1" 200 259"
INFO [2018-06-06 07:38:02,493] basehttp.py 124 ""GET /get_key/localredis/0/?page=1&limit=10 HTTP/1.1" 200 153"
INFO [2018-06-06 07:38:20,174] basehttp.py 124 ""GET /localredis/db0/ HTTP/1.1" 200 11804"
INFO [2018-06-06 07:38:20,558] basehttp.py 124 ""GET /menu/ HTTP/1.1" 200 259"
INFO [2018-06-06 07:38:20,930] basehttp.py 124 ""GET /get_key/localredis/0/?page=1&limit=10 HTTP/1.1" 200 153"
INFO [2018-06-06 07:38:48,630] basehttp.py 124 ""GET /localredis/db0/ HTTP/1.1" 200 11804"
INFO [2018-06-06 07:38:49,213] basehttp.py 124 ""GET /menu/ HTTP/1.1" 200 259"
INFO [2018-06-06 07:38:49,585] basehttp.py 124 ""GET /get_key/localredis/0/?page=1&limit=10 HTTP/1.1" 200 153"
INFO [2018-06-06 07:38:51,618] basehttp.py 124 ""GET /ok/db0/ HTTP/1.1" 200 11724"
INFO [2018-06-06 07:38:52,676] basehttp.py 124 ""GET /menu/ HTTP/1.1" 200 259"
INFO [2018-06-06 07:38:52,737] basehttp.py 124 ""GET /get_key/ok/0/?page=1&limit=10 HTTP/1.1" 200 153"
INFO [2018-06-06 07:38:56,907] basehttp.py 124 ""GET /localredis/db0/ HTTP/1.1" 200 11804"
INFO [2018-06-06 07:38:57,546] basehttp.py 124 ""GET /get_key/localredis/0/?page=1&limit=10 HTTP/1.1" 200 153"
INFO [2018-06-06 07:38:57,555] basehttp.py 124 ""GET /menu/ HTTP/1.1" 200 259"
INFO [2018-06-06 07:39:40,907] basehttp.py 124 ""GET /localredis/db0/ HTTP/1.1" 200 11267"
INFO [2018-06-06 07:39:41,131] basehttp.py 124 ""GET /static/css/layui.css HTTP/1.1" 200 60700"
INFO [2018-06-06 07:39:41,270] basehttp.py 124 ""GET /static/layui.js HTTP/1.1" 200 6615"
INFO [2018-06-06 07:39:41,295] basehttp.py 124 ""GET /static/img/default.jpg HTTP/1.1" 200 4834"
INFO [2018-06-06 07:39:41,459] basehttp.py 124 ""GET /static/lay/modules/table.js HTTP/1.1" 200 20833"
INFO [2018-06-06 07:39:41,651] basehttp.py 124 ""GET /static/lay/modules/element.js HTTP/1.1" 200 7269"
INFO [2018-06-06 07:39:41,654] basehttp.py 124 ""GET /static/lay/modules/laytpl.js HTTP/1.1" 200 1841"
INFO [2018-06-06 07:39:41,819] basehttp.py 124 ""GET /static/lay/modules/jquery.js HTTP/1.1" 200 97656"
INFO [2018-06-06 07:39:42,023] basehttp.py 124 ""GET /static/lay/modules/laypage.js HTTP/1.1" 200 4477"
INFO [2018-06-06 07:39:42,095] basehttp.py 124 ""GET /menu/ HTTP/1.1" 200 259"
INFO [2018-06-06 07:39:42,210] basehttp.py 124 ""GET /static/lay/modules/layer.js HTTP/1.1" 200 22068"
INFO [2018-06-06 07:39:42,375] basehttp.py 124 ""GET /static/css/modules/layer/default/layer.css?v=3.1.1 HTTP/1.1" 200 14430"
INFO [2018-06-06 07:39:42,555] basehttp.py 124 ""GET /static/lay/modules/form.js HTTP/1.1" 200 8711"
INFO [2018-06-06 07:39:42,642] basehttp.py 124 ""GET /get_key/localredis/0/?page=1&limit=10 HTTP/1.1" 200 153"
INFO [2018-06-06 07:39:43,043] basehttp.py 124 ""GET /static/font/iconfont.woff?v=230-rc1 HTTP/1.1" 200 21688"
INFO [2018-06-06 07:39:45,243] basehttp.py 124 ""GET /localredis/db0/ HTTP/1.1" 200 11267"
INFO [2018-06-06 07:39:45,595] basehttp.py 124 ""GET /static/layui.js HTTP/1.1" 200 6615"
INFO [2018-06-06 07:39:45,599] basehttp.py 124 ""GET /static/css/layui.css HTTP/1.1" 200 60700"
INFO [2018-06-06 07:39:45,848] basehttp.py 124 ""GET /static/img/default.jpg HTTP/1.1" 200 4834"
INFO [2018-06-06 07:39:45,936] basehttp.py 124 ""GET /static/lay/modules/table.js HTTP/1.1" 200 20833"
INFO [2018-06-06 07:39:46,003] basehttp.py 124 ""GET /static/lay/modules/element.js HTTP/1.1" 200 7269"
INFO [2018-06-06 07:39:46,016] basehttp.py 124 ""GET /static/lay/modules/laytpl.js HTTP/1.1" 200 1841"
INFO [2018-06-06 07:39:46,296] basehttp.py 124 ""GET /static/lay/modules/jquery.js HTTP/1.1" 200 97656"
INFO [2018-06-06 07:39:46,344] basehttp.py 124 ""GET /static/lay/modules/laypage.js HTTP/1.1" 200 4477"
INFO [2018-06-06 07:39:46,476] basehttp.py 124 ""GET /menu/ HTTP/1.1" 200 259"
INFO [2018-06-06 07:39:46,763] basehttp.py 124 ""GET /static/lay/modules/layer.js HTTP/1.1" 200 22068"
INFO [2018-06-06 07:39:47,111] basehttp.py 124 ""GET /static/css/modules/layer/default/layer.css?v=3.1.1 HTTP/1.1" 200 14430"
INFO [2018-06-06 07:39:47,111] basehttp.py 124 ""GET /static/lay/modules/form.js HTTP/1.1" 200 8711"
INFO [2018-06-06 07:39:47,380] basehttp.py 124 ""GET /get_key/localredis/0/?page=1&limit=10 HTTP/1.1" 200 153"
INFO [2018-06-06 07:39:47,480] basehttp.py 124 ""GET /static/font/iconfont.woff?v=230-rc1 HTTP/1.1" 200 21688"
INFO [2018-06-06 07:40:12,473] basehttp.py 124 ""GET /localredis/db0/ HTTP/1.1" 200 11229"
INFO [2018-06-06 07:40:13,464] basehttp.py 124 ""GET /menu/ HTTP/1.1" 200 259"
INFO [2018-06-06 07:40:13,788] basehttp.py 124 ""GET /get_key/localredis/0/?page=1&limit=10 HTTP/1.1" 200 153"
